<?xml version="1.0" encoding="UTF-8"?>
<!-- Generated by org.testng.reporters.JUnitXMLReporter -->
<testsuite ignored="0" hostname="Admin" failures="0" tests="2" name="Default test" time="16.633" errors="0" timestamp="2024-08-13T21:11:10 ICT">
  <testcase classname="automation.testsuite.Day12_radiobutton" name="case1_checkDefaultValue" time="0.127"/>
  <testcase classname="automation.testsuite.Day12_radiobutton" name="case2_checkRadioSuccessfully" time="2.737"/>
</testsuite> <!-- Default test -->
