<?xml version="1.0" encoding="UTF-8"?>
<testng-results ignored="0" total="1" passed="1" failed="0" skipped="0">
  <reporter-output>
  </reporter-output>
  <suite started-at="2024-09-07T13:50:06 ICT" name="Default suite" finished-at="2024-09-07T13:50:16 ICT" duration-ms="9778">
    <groups>
    </groups>
    <test started-at="2024-09-07T13:50:06 ICT" name="Default test" finished-at="2024-09-07T13:50:16 ICT" duration-ms="9778">
      <class name="automation.testsuite.GURU99_BTVNDay16">
        <test-method is-config="true" signature="openFireFox()[pri:0, instance:automation.testsuite.GURU99_BTVNDay16@3f6f6701]" started-at="2024-09-07T13:50:06 ICT" name="openFireFox" finished-at="2024-09-07T13:50:15 ICT" duration-ms="8548" status="PASS">
          <reporter-output>
          </reporter-output>
        </test-method> <!-- openFireFox -->
        <test-method signature="AcceptAlert()[pri:0, instance:automation.testsuite.GURU99_BTVNDay16@3f6f6701]" started-at="2024-09-07T13:50:15 ICT" name="AcceptAlert" finished-at="2024-09-07T13:50:16 ICT" duration-ms="1176" status="PASS">
          <reporter-output>
          </reporter-output>
        </test-method> <!-- AcceptAlert -->
      </class> <!-- automation.testsuite.GURU99_BTVNDay16 -->
    </test> <!-- Default test -->
  </suite> <!-- Default suite -->
</testng-results>
