<?xml version="1.0" encoding="UTF-8"?>
<testng-results ignored="0" total="1" passed="1" failed="0" skipped="0">
  <reporter-output>
  </reporter-output>
  <suite started-at="2024-08-27T23:10:05 ICT" name="Default suite" finished-at="2024-08-27T23:11:29 ICT" duration-ms="84318">
    <groups>
    </groups>
    <test started-at="2024-08-27T23:10:05 ICT" name="Default test" finished-at="2024-08-27T23:11:29 ICT" duration-ms="84318">
      <class name="automation.testsuite.Register_BTVNday14">
        <test-method is-config="true" signature="openFireFox()[pri:0, instance:automation.testsuite.Register_BTVNday14@29215f06]" started-at="2024-08-27T23:10:05 ICT" name="openFireFox" finished-at="2024-08-27T23:10:28 ICT" duration-ms="22816" status="PASS">
          <reporter-output>
          </reporter-output>
        </test-method> <!-- openFireFox -->
        <test-method signature="RegisterSuccess()[pri:0, instance:automation.testsuite.Register_BTVNday14@29215f06]" started-at="2024-08-27T23:10:28 ICT" name="RegisterSuccess" finished-at="2024-08-27T23:11:29 ICT" duration-ms="61442" status="PASS">
          <reporter-output>
          </reporter-output>
        </test-method> <!-- RegisterSuccess -->
      </class> <!-- automation.testsuite.Register_BTVNday14 -->
    </test> <!-- Default test -->
  </suite> <!-- Default suite -->
</testng-results>
